<?xml version="1.0" encoding="UTF-8"?>
<testsuite xmlns:xsi="http://www.w3.org/2001/XMLSchema-instance" xsi:noNamespaceSchemaLocation="https://maven.apache.org/surefire/maven-surefire-plugin/xsd/surefire-test-report-3.0.xsd" version="3.0" name="com.Human.Ai.D.makit.AuditLoggingServiceTest" time="1.178" tests="16" errors="10" skipped="0" failures="0">
  <properties>
[...]
</properties>
  <testcase name="testLogSecurityEvent_Success" classname="com.Human.Ai.D.makit.AuditLoggingServiceTest" time="1.024">
    <system-out><![CDATA[15:44:11.671 [main] WARN com.Human.Ai.D.makit.service.AuditLoggingService -- 보안 이벤트 기록됨: AuditLog{id=null, userEmail='test@example.com', action=보안 위반, entityType='SECURITY', entityId='null', status=성공, timestamp=2025-08-26T15:44:11.666141}
]]></system-out>
    <system-err><![CDATA[WARNING: A Java agent has been loaded dynamically (/Users/eliotsong/.m2/repository/net/bytebuddy/byte-buddy-agent/1.14.10/byte-buddy-agent-1.14.10.jar)
WARNING: If a serviceability tool is in use, please run with -XX:+EnableDynamicAgentLoading to hide this warning
WARNING: If a serviceability tool is not in use, please run with -Djdk.instrument.traceUsage for more information
WARNING: Dynamic loading of agents will be disallowed by default in a future release
]]></system-err>
  </testcase>
  <testcase name="testGetAuditLogsForUser_Success" classname="com.Human.Ai.D.makit.AuditLoggingServiceTest" time="0.018">
    <error message="&#10;Unnecessary stubbings detected.&#10;Clean &amp; maintainable test code requires zero unnecessary code.&#10;Following stubbings are unnecessary (click to navigate to relevant line of code):&#10;  1. -&gt; at com.Human.Ai.D.makit.AuditLoggingServiceTest.setUp(AuditLoggingServiceTest.java:84)&#10;  2. -&gt; at com.Human.Ai.D.makit.AuditLoggingServiceTest.setUp(AuditLoggingServiceTest.java:85)&#10;  3. -&gt; at com.Human.Ai.D.makit.AuditLoggingServiceTest.setUp(AuditLoggingServiceTest.java:86)&#10;  4. -&gt; at com.Human.Ai.D.makit.AuditLoggingServiceTest.setUp(AuditLoggingServiceTest.java:87)&#10;Please remove unnecessary stubbings or use &apos;lenient&apos; strictness. More info: javadoc for UnnecessaryStubbingException class." type="org.mockito.exceptions.misusing.UnnecessaryStubbingException"><![CDATA[org.mockito.exceptions.misusing.UnnecessaryStubbingException: 

Unnecessary stubbings detected.
Clean & maintainable test code requires zero unnecessary code.
Following stubbings are unnecessary (click to navigate to relevant line of code):
  1. -> at com.Human.Ai.D.makit.AuditLoggingServiceTest.setUp(AuditLoggingServiceTest.java:84)
  2. -> at com.Human.Ai.D.makit.AuditLoggingServiceTest.setUp(AuditLoggingServiceTest.java:85)
  3. -> at com.Human.Ai.D.makit.AuditLoggingServiceTest.setUp(AuditLoggingServiceTest.java:86)
  4. -> at com.Human.Ai.D.makit.AuditLoggingServiceTest.setUp(AuditLoggingServiceTest.java:87)
Please remove unnecessary stubbings or use 'lenient' strictness. More info: javadoc for UnnecessaryStubbingException class.
	at org.mockito.junit.jupiter.MockitoExtension.afterEach(MockitoExtension.java:186)
	at java.base/java.util.ArrayList.forEach(ArrayList.java:1604)
	at java.base/java.util.ArrayList.forEach(ArrayList.java:1604)
]]></error>
  </testcase>
  <testcase name="testLog_Success" classname="com.Human.Ai.D.makit.AuditLoggingServiceTest" time="0.005"/>
  <testcase name="testGetAuditLogsByDateRange_Success" classname="com.Human.Ai.D.makit.AuditLoggingServiceTest" time="0.005">
    <error message="&#10;Unnecessary stubbings detected.&#10;Clean &amp; maintainable test code requires zero unnecessary code.&#10;Following stubbings are unnecessary (click to navigate to relevant line of code):&#10;  1. -&gt; at com.Human.Ai.D.makit.AuditLoggingServiceTest.setUp(AuditLoggingServiceTest.java:84)&#10;  2. -&gt; at com.Human.Ai.D.makit.AuditLoggingServiceTest.setUp(AuditLoggingServiceTest.java:85)&#10;  3. -&gt; at com.Human.Ai.D.makit.AuditLoggingServiceTest.setUp(AuditLoggingServiceTest.java:86)&#10;  4. -&gt; at com.Human.Ai.D.makit.AuditLoggingServiceTest.setUp(AuditLoggingServiceTest.java:87)&#10;Please remove unnecessary stubbings or use &apos;lenient&apos; strictness. More info: javadoc for UnnecessaryStubbingException class." type="org.mockito.exceptions.misusing.UnnecessaryStubbingException"><![CDATA[org.mockito.exceptions.misusing.UnnecessaryStubbingException: 

Unnecessary stubbings detected.
Clean & maintainable test code requires zero unnecessary code.
Following stubbings are unnecessary (click to navigate to relevant line of code):
  1. -> at com.Human.Ai.D.makit.AuditLoggingServiceTest.setUp(AuditLoggingServiceTest.java:84)
  2. -> at com.Human.Ai.D.makit.AuditLoggingServiceTest.setUp(AuditLoggingServiceTest.java:85)
  3. -> at com.Human.Ai.D.makit.AuditLoggingServiceTest.setUp(AuditLoggingServiceTest.java:86)
  4. -> at com.Human.Ai.D.makit.AuditLoggingServiceTest.setUp(AuditLoggingServiceTest.java:87)
Please remove unnecessary stubbings or use 'lenient' strictness. More info: javadoc for UnnecessaryStubbingException class.
	at org.mockito.junit.jupiter.MockitoExtension.afterEach(MockitoExtension.java:186)
	at java.base/java.util.ArrayList.forEach(ArrayList.java:1604)
	at java.base/java.util.ArrayList.forEach(ArrayList.java:1604)
]]></error>
  </testcase>
  <testcase name="testGetActionStatistics_Success" classname="com.Human.Ai.D.makit.AuditLoggingServiceTest" time="0.007">
    <error message="&#10;Unnecessary stubbings detected.&#10;Clean &amp; maintainable test code requires zero unnecessary code.&#10;Following stubbings are unnecessary (click to navigate to relevant line of code):&#10;  1. -&gt; at com.Human.Ai.D.makit.AuditLoggingServiceTest.setUp(AuditLoggingServiceTest.java:84)&#10;  2. -&gt; at com.Human.Ai.D.makit.AuditLoggingServiceTest.setUp(AuditLoggingServiceTest.java:85)&#10;  3. -&gt; at com.Human.Ai.D.makit.AuditLoggingServiceTest.setUp(AuditLoggingServiceTest.java:86)&#10;  4. -&gt; at com.Human.Ai.D.makit.AuditLoggingServiceTest.setUp(AuditLoggingServiceTest.java:87)&#10;Please remove unnecessary stubbings or use &apos;lenient&apos; strictness. More info: javadoc for UnnecessaryStubbingException class." type="org.mockito.exceptions.misusing.UnnecessaryStubbingException"><![CDATA[org.mockito.exceptions.misusing.UnnecessaryStubbingException: 

Unnecessary stubbings detected.
Clean & maintainable test code requires zero unnecessary code.
Following stubbings are unnecessary (click to navigate to relevant line of code):
  1. -> at com.Human.Ai.D.makit.AuditLoggingServiceTest.setUp(AuditLoggingServiceTest.java:84)
  2. -> at com.Human.Ai.D.makit.AuditLoggingServiceTest.setUp(AuditLoggingServiceTest.java:85)
  3. -> at com.Human.Ai.D.makit.AuditLoggingServiceTest.setUp(AuditLoggingServiceTest.java:86)
  4. -> at com.Human.Ai.D.makit.AuditLoggingServiceTest.setUp(AuditLoggingServiceTest.java:87)
Please remove unnecessary stubbings or use 'lenient' strictness. More info: javadoc for UnnecessaryStubbingException class.
	at org.mockito.junit.jupiter.MockitoExtension.afterEach(MockitoExtension.java:186)
	at java.base/java.util.ArrayList.forEach(ArrayList.java:1604)
	at java.base/java.util.ArrayList.forEach(ArrayList.java:1604)
]]></error>
  </testcase>
  <testcase name="testLogAsync_Success" classname="com.Human.Ai.D.makit.AuditLoggingServiceTest" time="0.005"/>
  <testcase name="testGetAuditLogsByAction_Success" classname="com.Human.Ai.D.makit.AuditLoggingServiceTest" time="0.006">
    <error message="&#10;Unnecessary stubbings detected.&#10;Clean &amp; maintainable test code requires zero unnecessary code.&#10;Following stubbings are unnecessary (click to navigate to relevant line of code):&#10;  1. -&gt; at com.Human.Ai.D.makit.AuditLoggingServiceTest.setUp(AuditLoggingServiceTest.java:84)&#10;  2. -&gt; at com.Human.Ai.D.makit.AuditLoggingServiceTest.setUp(AuditLoggingServiceTest.java:85)&#10;  3. -&gt; at com.Human.Ai.D.makit.AuditLoggingServiceTest.setUp(AuditLoggingServiceTest.java:86)&#10;  4. -&gt; at com.Human.Ai.D.makit.AuditLoggingServiceTest.setUp(AuditLoggingServiceTest.java:87)&#10;Please remove unnecessary stubbings or use &apos;lenient&apos; strictness. More info: javadoc for UnnecessaryStubbingException class." type="org.mockito.exceptions.misusing.UnnecessaryStubbingException"><![CDATA[org.mockito.exceptions.misusing.UnnecessaryStubbingException: 

Unnecessary stubbings detected.
Clean & maintainable test code requires zero unnecessary code.
Following stubbings are unnecessary (click to navigate to relevant line of code):
  1. -> at com.Human.Ai.D.makit.AuditLoggingServiceTest.setUp(AuditLoggingServiceTest.java:84)
  2. -> at com.Human.Ai.D.makit.AuditLoggingServiceTest.setUp(AuditLoggingServiceTest.java:85)
  3. -> at com.Human.Ai.D.makit.AuditLoggingServiceTest.setUp(AuditLoggingServiceTest.java:86)
  4. -> at com.Human.Ai.D.makit.AuditLoggingServiceTest.setUp(AuditLoggingServiceTest.java:87)
Please remove unnecessary stubbings or use 'lenient' strictness. More info: javadoc for UnnecessaryStubbingException class.
	at org.mockito.junit.jupiter.MockitoExtension.afterEach(MockitoExtension.java:186)
	at java.base/java.util.ArrayList.forEach(ArrayList.java:1604)
	at java.base/java.util.ArrayList.forEach(ArrayList.java:1604)
]]></error>
  </testcase>
  <testcase name="testGetUserActivityStatistics_Success" classname="com.Human.Ai.D.makit.AuditLoggingServiceTest" time="0.004">
    <error message="&#10;Unnecessary stubbings detected.&#10;Clean &amp; maintainable test code requires zero unnecessary code.&#10;Following stubbings are unnecessary (click to navigate to relevant line of code):&#10;  1. -&gt; at com.Human.Ai.D.makit.AuditLoggingServiceTest.setUp(AuditLoggingServiceTest.java:84)&#10;  2. -&gt; at com.Human.Ai.D.makit.AuditLoggingServiceTest.setUp(AuditLoggingServiceTest.java:85)&#10;  3. -&gt; at com.Human.Ai.D.makit.AuditLoggingServiceTest.setUp(AuditLoggingServiceTest.java:86)&#10;  4. -&gt; at com.Human.Ai.D.makit.AuditLoggingServiceTest.setUp(AuditLoggingServiceTest.java:87)&#10;Please remove unnecessary stubbings or use &apos;lenient&apos; strictness. More info: javadoc for UnnecessaryStubbingException class." type="org.mockito.exceptions.misusing.UnnecessaryStubbingException"><![CDATA[org.mockito.exceptions.misusing.UnnecessaryStubbingException: 

Unnecessary stubbings detected.
Clean & maintainable test code requires zero unnecessary code.
Following stubbings are unnecessary (click to navigate to relevant line of code):
  1. -> at com.Human.Ai.D.makit.AuditLoggingServiceTest.setUp(AuditLoggingServiceTest.java:84)
  2. -> at com.Human.Ai.D.makit.AuditLoggingServiceTest.setUp(AuditLoggingServiceTest.java:85)
  3. -> at com.Human.Ai.D.makit.AuditLoggingServiceTest.setUp(AuditLoggingServiceTest.java:86)
  4. -> at com.Human.Ai.D.makit.AuditLoggingServiceTest.setUp(AuditLoggingServiceTest.java:87)
Please remove unnecessary stubbings or use 'lenient' strictness. More info: javadoc for UnnecessaryStubbingException class.
	at org.mockito.junit.jupiter.MockitoExtension.afterEach(MockitoExtension.java:186)
	at java.base/java.util.ArrayList.forEach(ArrayList.java:1604)
	at java.base/java.util.ArrayList.forEach(ArrayList.java:1604)
]]></error>
  </testcase>
  <testcase name="testGetSecurityEvents_Success" classname="com.Human.Ai.D.makit.AuditLoggingServiceTest" time="0.004">
    <error message="&#10;Unnecessary stubbings detected.&#10;Clean &amp; maintainable test code requires zero unnecessary code.&#10;Following stubbings are unnecessary (click to navigate to relevant line of code):&#10;  1. -&gt; at com.Human.Ai.D.makit.AuditLoggingServiceTest.setUp(AuditLoggingServiceTest.java:84)&#10;  2. -&gt; at com.Human.Ai.D.makit.AuditLoggingServiceTest.setUp(AuditLoggingServiceTest.java:85)&#10;  3. -&gt; at com.Human.Ai.D.makit.AuditLoggingServiceTest.setUp(AuditLoggingServiceTest.java:86)&#10;  4. -&gt; at com.Human.Ai.D.makit.AuditLoggingServiceTest.setUp(AuditLoggingServiceTest.java:87)&#10;Please remove unnecessary stubbings or use &apos;lenient&apos; strictness. More info: javadoc for UnnecessaryStubbingException class." type="org.mockito.exceptions.misusing.UnnecessaryStubbingException"><![CDATA[org.mockito.exceptions.misusing.UnnecessaryStubbingException: 

Unnecessary stubbings detected.
Clean & maintainable test code requires zero unnecessary code.
Following stubbings are unnecessary (click to navigate to relevant line of code):
  1. -> at com.Human.Ai.D.makit.AuditLoggingServiceTest.setUp(AuditLoggingServiceTest.java:84)
  2. -> at com.Human.Ai.D.makit.AuditLoggingServiceTest.setUp(AuditLoggingServiceTest.java:85)
  3. -> at com.Human.Ai.D.makit.AuditLoggingServiceTest.setUp(AuditLoggingServiceTest.java:86)
  4. -> at com.Human.Ai.D.makit.AuditLoggingServiceTest.setUp(AuditLoggingServiceTest.java:87)
Please remove unnecessary stubbings or use 'lenient' strictness. More info: javadoc for UnnecessaryStubbingException class.
	at org.mockito.junit.jupiter.MockitoExtension.afterEach(MockitoExtension.java:186)
	at java.base/java.util.ArrayList.forEach(ArrayList.java:1604)
	at java.base/java.util.ArrayList.forEach(ArrayList.java:1604)
]]></error>
  </testcase>
  <testcase name="testLog_WithException_HandlesGracefully" classname="com.Human.Ai.D.makit.AuditLoggingServiceTest" time="0.01">
    <system-out><![CDATA[15:44:11.764 [main] ERROR com.Human.Ai.D.makit.service.AuditLoggingService -- 감사 로그 기록 실패: action=콘텐츠 생성, entityType=CONTENT, entityId=123
java.lang.RuntimeException: DB 오류
	at com.Human.Ai.D.makit.service.AuditLoggingService.log(AuditLoggingService.java:71)
	at com.Human.Ai.D.makit.AuditLoggingServiceTest.lambda$6(AuditLoggingServiceTest.java:361)
	at org.junit.jupiter.api.AssertDoesNotThrow.assertDoesNotThrow(AssertDoesNotThrow.java:49)
	at org.junit.jupiter.api.AssertDoesNotThrow.assertDoesNotThrow(AssertDoesNotThrow.java:36)
	at org.junit.jupiter.api.Assertions.assertDoesNotThrow(Assertions.java:3168)
	at com.Human.Ai.D.makit.AuditLoggingServiceTest.testLog_WithException_HandlesGracefully(AuditLoggingServiceTest.java:360)
	at java.base/jdk.internal.reflect.DirectMethodHandleAccessor.invoke(DirectMethodHandleAccessor.java:104)
	at java.base/java.lang.reflect.Method.invoke(Method.java:565)
	at org.junit.platform.commons.util.ReflectionUtils.invokeMethod(ReflectionUtils.java:728)
	at org.junit.jupiter.engine.execution.MethodInvocation.proceed(MethodInvocation.java:60)
	at org.junit.jupiter.engine.execution.InvocationInterceptorChain$ValidatingInvocation.proceed(InvocationInterceptorChain.java:131)
	at org.junit.jupiter.engine.extension.TimeoutExtension.intercept(TimeoutExtension.java:156)
	at org.junit.jupiter.engine.extension.TimeoutExtension.interceptTestableMethod(TimeoutExtension.java:147)
	at org.junit.jupiter.engine.extension.TimeoutExtension.interceptTestMethod(TimeoutExtension.java:86)
	at org.junit.jupiter.engine.execution.InterceptingExecutableInvoker$ReflectiveInterceptorCall.lambda$ofVoidMethod$0(InterceptingExecutableInvoker.java:103)
	at org.junit.jupiter.engine.execution.InterceptingExecutableInvoker.lambda$invoke$0(InterceptingExecutableInvoker.java:93)
	at org.junit.jupiter.engine.execution.InvocationInterceptorChain$InterceptedInvocation.proceed(InvocationInterceptorChain.java:106)
	at org.junit.jupiter.engine.execution.InvocationInterceptorChain.proceed(InvocationInterceptorChain.java:64)
	at org.junit.jupiter.engine.execution.InvocationInterceptorChain.chainAndInvoke(InvocationInterceptorChain.java:45)
	at org.junit.jupiter.engine.execution.InvocationInterceptorChain.invoke(InvocationInterceptorChain.java:37)
	at org.junit.jupiter.engine.execution.InterceptingExecutableInvoker.invoke(InterceptingExecutableInvoker.java:92)
	at org.junit.jupiter.engine.execution.InterceptingExecutableInvoker.invoke(InterceptingExecutableInvoker.java:86)
	at org.junit.jupiter.engine.descriptor.TestMethodTestDescriptor.lambda$invokeTestMethod$7(TestMethodTestDescriptor.java:218)
	at org.junit.platform.engine.support.hierarchical.ThrowableCollector.execute(ThrowableCollector.java:73)
	at org.junit.jupiter.engine.descriptor.TestMethodTestDescriptor.invokeTestMethod(TestMethodTestDescriptor.java:214)
	at org.junit.jupiter.engine.descriptor.TestMethodTestDescriptor.execute(TestMethodTestDescriptor.java:139)
	at org.junit.jupiter.engine.descriptor.TestMethodTestDescriptor.execute(TestMethodTestDescriptor.java:69)
	at org.junit.platform.engine.support.hierarchical.NodeTestTask.lambda$executeRecursively$6(NodeTestTask.java:151)
	at org.junit.platform.engine.support.hierarchical.ThrowableCollector.execute(ThrowableCollector.java:73)
	at org.junit.platform.engine.support.hierarchical.NodeTestTask.lambda$executeRecursively$8(NodeTestTask.java:141)
	at org.junit.platform.engine.support.hierarchical.Node.around(Node.java:137)
	at org.junit.platform.engine.support.hierarchical.NodeTestTask.lambda$executeRecursively$9(NodeTestTask.java:139)
	at org.junit.platform.engine.support.hierarchical.ThrowableCollector.execute(ThrowableCollector.java:73)
	at org.junit.platform.engine.support.hierarchical.NodeTestTask.executeRecursively(NodeTestTask.java:138)
	at org.junit.platform.engine.support.hierarchical.NodeTestTask.execute(NodeTestTask.java:95)
	at java.base/java.util.ArrayList.forEach(ArrayList.java:1604)
	at org.junit.platform.engine.support.hierarchical.SameThreadHierarchicalTestExecutorService.invokeAll(SameThreadHierarchicalTestExecutorService.java:41)
	at org.junit.platform.engine.support.hierarchical.NodeTestTask.lambda$executeRecursively$6(NodeTestTask.java:155)
	at org.junit.platform.engine.support.hierarchical.ThrowableCollector.execute(ThrowableCollector.java:73)
	at org.junit.platform.engine.support.hierarchical.NodeTestTask.lambda$executeRecursively$8(NodeTestTask.java:141)
	at org.junit.platform.engine.support.hierarchical.Node.around(Node.java:137)
	at org.junit.platform.engine.support.hierarchical.NodeTestTask.lambda$executeRecursively$9(NodeTestTask.java:139)
	at org.junit.platform.engine.support.hierarchical.ThrowableCollector.execute(ThrowableCollector.java:73)
	at org.junit.platform.engine.support.hierarchical.NodeTestTask.executeRecursively(NodeTestTask.java:138)
	at org.junit.platform.engine.support.hierarchical.NodeTestTask.execute(NodeTestTask.java:95)
	at java.base/java.util.ArrayList.forEach(ArrayList.java:1604)
	at org.junit.platform.engine.support.hierarchical.SameThreadHierarchicalTestExecutorService.invokeAll(SameThreadHierarchicalTestExecutorService.java:41)
	at org.junit.platform.engine.support.hierarchical.NodeTestTask.lambda$executeRecursively$6(NodeTestTask.java:155)
	at org.junit.platform.engine.support.hierarchical.ThrowableCollector.execute(ThrowableCollector.java:73)
	at org.junit.platform.engine.support.hierarchical.NodeTestTask.lambda$executeRecursively$8(NodeTestTask.java:141)
	at org.junit.platform.engine.support.hierarchical.Node.around(Node.java:137)
	at org.junit.platform.engine.support.hierarchical.NodeTestTask.lambda$executeRecursively$9(NodeTestTask.java:139)
	at org.junit.platform.engine.support.hierarchical.ThrowableCollector.execute(ThrowableCollector.java:73)
	at org.junit.platform.engine.support.hierarchical.NodeTestTask.executeRecursively(NodeTestTask.java:138)
	at org.junit.platform.engine.support.hierarchical.NodeTestTask.execute(NodeTestTask.java:95)
	at org.junit.platform.engine.support.hierarchical.SameThreadHierarchicalTestExecutorService.submit(SameThreadHierarchicalTestExecutorService.java:35)
	at org.junit.platform.engine.support.hierarchical.HierarchicalTestExecutor.execute(HierarchicalTestExecutor.java:57)
	at org.junit.platform.engine.support.hierarchical.HierarchicalTestEngine.execute(HierarchicalTestEngine.java:54)
	at org.junit.platform.launcher.core.EngineExecutionOrchestrator.execute(EngineExecutionOrchestrator.java:198)
	at org.junit.platform.launcher.core.EngineExecutionOrchestrator.execute(EngineExecutionOrchestrator.java:169)
	at org.junit.platform.launcher.core.EngineExecutionOrchestrator.execute(EngineExecutionOrchestrator.java:93)
	at org.junit.platform.launcher.core.EngineExecutionOrchestrator.lambda$execute$0(EngineExecutionOrchestrator.java:58)
	at org.junit.platform.launcher.core.EngineExecutionOrchestrator.withInterceptedStreams(EngineExecutionOrchestrator.java:141)
	at org.junit.platform.launcher.core.EngineExecutionOrchestrator.execute(EngineExecutionOrchestrator.java:57)
	at org.junit.platform.launcher.core.DefaultLauncher.execute(DefaultLauncher.java:103)
	at org.junit.platform.launcher.core.DefaultLauncher.execute(DefaultLauncher.java:85)
	at org.junit.platform.launcher.core.DelegatingLauncher.execute(DelegatingLauncher.java:47)
	at org.apache.maven.surefire.junitplatform.LazyLauncher.execute(LazyLauncher.java:56)
	at org.apache.maven.surefire.junitplatform.JUnitPlatformProvider.execute(JUnitPlatformProvider.java:184)
	at org.apache.maven.surefire.junitplatform.JUnitPlatformProvider.invokeAllTests(JUnitPlatformProvider.java:148)
	at org.apache.maven.surefire.junitplatform.JUnitPlatformProvider.invoke(JUnitPlatformProvider.java:122)
	at org.apache.maven.surefire.booter.ForkedBooter.runSuitesInProcess(ForkedBooter.java:385)
	at org.apache.maven.surefire.booter.ForkedBooter.execute(ForkedBooter.java:162)
	at org.apache.maven.surefire.booter.ForkedBooter.run(ForkedBooter.java:507)
	at org.apache.maven.surefire.booter.ForkedBooter.main(ForkedBooter.java:495)
]]></system-out>
  </testcase>
  <testcase name="testGetFailedLoginAttempts_Success" classname="com.Human.Ai.D.makit.AuditLoggingServiceTest" time="0.004">
    <error message="&#10;Unnecessary stubbings detected.&#10;Clean &amp; maintainable test code requires zero unnecessary code.&#10;Following stubbings are unnecessary (click to navigate to relevant line of code):&#10;  1. -&gt; at com.Human.Ai.D.makit.AuditLoggingServiceTest.setUp(AuditLoggingServiceTest.java:84)&#10;  2. -&gt; at com.Human.Ai.D.makit.AuditLoggingServiceTest.setUp(AuditLoggingServiceTest.java:85)&#10;  3. -&gt; at com.Human.Ai.D.makit.AuditLoggingServiceTest.setUp(AuditLoggingServiceTest.java:86)&#10;  4. -&gt; at com.Human.Ai.D.makit.AuditLoggingServiceTest.setUp(AuditLoggingServiceTest.java:87)&#10;Please remove unnecessary stubbings or use &apos;lenient&apos; strictness. More info: javadoc for UnnecessaryStubbingException class." type="org.mockito.exceptions.misusing.UnnecessaryStubbingException"><![CDATA[org.mockito.exceptions.misusing.UnnecessaryStubbingException: 

Unnecessary stubbings detected.
Clean & maintainable test code requires zero unnecessary code.
Following stubbings are unnecessary (click to navigate to relevant line of code):
  1. -> at com.Human.Ai.D.makit.AuditLoggingServiceTest.setUp(AuditLoggingServiceTest.java:84)
  2. -> at com.Human.Ai.D.makit.AuditLoggingServiceTest.setUp(AuditLoggingServiceTest.java:85)
  3. -> at com.Human.Ai.D.makit.AuditLoggingServiceTest.setUp(AuditLoggingServiceTest.java:86)
  4. -> at com.Human.Ai.D.makit.AuditLoggingServiceTest.setUp(AuditLoggingServiceTest.java:87)
Please remove unnecessary stubbings or use 'lenient' strictness. More info: javadoc for UnnecessaryStubbingException class.
	at org.mockito.junit.jupiter.MockitoExtension.afterEach(MockitoExtension.java:186)
	at java.base/java.util.ArrayList.forEach(ArrayList.java:1604)
	at java.base/java.util.ArrayList.forEach(ArrayList.java:1604)
]]></error>
  </testcase>
  <testcase name="testLog_WithNullUser_Success" classname="com.Human.Ai.D.makit.AuditLoggingServiceTest" time="0.008">
    <error message="&#10;Unnecessary stubbings detected.&#10;Clean &amp; maintainable test code requires zero unnecessary code.&#10;Following stubbings are unnecessary (click to navigate to relevant line of code):&#10;  1. -&gt; at com.Human.Ai.D.makit.AuditLoggingServiceTest.setUp(AuditLoggingServiceTest.java:87)&#10;Please remove unnecessary stubbings or use &apos;lenient&apos; strictness. More info: javadoc for UnnecessaryStubbingException class." type="org.mockito.exceptions.misusing.UnnecessaryStubbingException"><![CDATA[org.mockito.exceptions.misusing.UnnecessaryStubbingException: 

Unnecessary stubbings detected.
Clean & maintainable test code requires zero unnecessary code.
Following stubbings are unnecessary (click to navigate to relevant line of code):
  1. -> at com.Human.Ai.D.makit.AuditLoggingServiceTest.setUp(AuditLoggingServiceTest.java:87)
Please remove unnecessary stubbings or use 'lenient' strictness. More info: javadoc for UnnecessaryStubbingException class.
	at org.mockito.junit.jupiter.MockitoExtension.afterEach(MockitoExtension.java:186)
	at java.base/java.util.ArrayList.forEach(ArrayList.java:1604)
	at java.base/java.util.ArrayList.forEach(ArrayList.java:1604)
]]></error>
  </testcase>
  <testcase name="testLogSystemEvent_Success" classname="com.Human.Ai.D.makit.AuditLoggingServiceTest" time="0.005">
    <error message="&#10;Unnecessary stubbings detected.&#10;Clean &amp; maintainable test code requires zero unnecessary code.&#10;Following stubbings are unnecessary (click to navigate to relevant line of code):&#10;  1. -&gt; at com.Human.Ai.D.makit.AuditLoggingServiceTest.setUp(AuditLoggingServiceTest.java:84)&#10;  2. -&gt; at com.Human.Ai.D.makit.AuditLoggingServiceTest.setUp(AuditLoggingServiceTest.java:85)&#10;  3. -&gt; at com.Human.Ai.D.makit.AuditLoggingServiceTest.setUp(AuditLoggingServiceTest.java:86)&#10;  4. -&gt; at com.Human.Ai.D.makit.AuditLoggingServiceTest.setUp(AuditLoggingServiceTest.java:87)&#10;Please remove unnecessary stubbings or use &apos;lenient&apos; strictness. More info: javadoc for UnnecessaryStubbingException class." type="org.mockito.exceptions.misusing.UnnecessaryStubbingException"><![CDATA[org.mockito.exceptions.misusing.UnnecessaryStubbingException: 

Unnecessary stubbings detected.
Clean & maintainable test code requires zero unnecessary code.
Following stubbings are unnecessary (click to navigate to relevant line of code):
  1. -> at com.Human.Ai.D.makit.AuditLoggingServiceTest.setUp(AuditLoggingServiceTest.java:84)
  2. -> at com.Human.Ai.D.makit.AuditLoggingServiceTest.setUp(AuditLoggingServiceTest.java:85)
  3. -> at com.Human.Ai.D.makit.AuditLoggingServiceTest.setUp(AuditLoggingServiceTest.java:86)
  4. -> at com.Human.Ai.D.makit.AuditLoggingServiceTest.setUp(AuditLoggingServiceTest.java:87)
Please remove unnecessary stubbings or use 'lenient' strictness. More info: javadoc for UnnecessaryStubbingException class.
	at org.mockito.junit.jupiter.MockitoExtension.afterEach(MockitoExtension.java:186)
	at java.base/java.util.ArrayList.forEach(ArrayList.java:1604)
	at java.base/java.util.ArrayList.forEach(ArrayList.java:1604)
]]></error>
    <system-out><![CDATA[15:44:11.785 [main] INFO com.Human.Ai.D.makit.service.AuditLoggingService -- 시스템 이벤트 기록됨: AuditLog{id=null, userEmail='SYSTEM', action=시스템 설정 변경, entityType='SYSTEM', entityId='config-1', status=성공, timestamp=2025-08-26T15:44:11.785708}
]]></system-out>
  </testcase>
  <testcase name="testLogFailure_Success" classname="com.Human.Ai.D.makit.AuditLoggingServiceTest" time="0.013">
    <system-out><![CDATA[15:44:11.799 [main] WARN com.Human.Ai.D.makit.service.AuditLoggingService -- 실패 감사 로그 기록됨: AuditLog{id=null, userEmail='test@example.com', action=콘텐츠 생성, entityType='CONTENT', entityId='123', status=실패, timestamp=2025-08-26T15:44:11.799255}
]]></system-out>
  </testcase>
  <testcase name="testLogWithDetails_Success" classname="com.Human.Ai.D.makit.AuditLoggingServiceTest" time="0.005"/>
  <testcase name="testLogForUser_Success" classname="com.Human.Ai.D.makit.AuditLoggingServiceTest" time="0.005">
    <error message="&#10;Unnecessary stubbings detected.&#10;Clean &amp; maintainable test code requires zero unnecessary code.&#10;Following stubbings are unnecessary (click to navigate to relevant line of code):&#10;  1. -&gt; at com.Human.Ai.D.makit.AuditLoggingServiceTest.setUp(AuditLoggingServiceTest.java:84)&#10;  2. -&gt; at com.Human.Ai.D.makit.AuditLoggingServiceTest.setUp(AuditLoggingServiceTest.java:85)&#10;  3. -&gt; at com.Human.Ai.D.makit.AuditLoggingServiceTest.setUp(AuditLoggingServiceTest.java:86)&#10;  4. -&gt; at com.Human.Ai.D.makit.AuditLoggingServiceTest.setUp(AuditLoggingServiceTest.java:87)&#10;Please remove unnecessary stubbings or use &apos;lenient&apos; strictness. More info: javadoc for UnnecessaryStubbingException class." type="org.mockito.exceptions.misusing.UnnecessaryStubbingException"><![CDATA[org.mockito.exceptions.misusing.UnnecessaryStubbingException: 

Unnecessary stubbings detected.
Clean & maintainable test code requires zero unnecessary code.
Following stubbings are unnecessary (click to navigate to relevant line of code):
  1. -> at com.Human.Ai.D.makit.AuditLoggingServiceTest.setUp(AuditLoggingServiceTest.java:84)
  2. -> at com.Human.Ai.D.makit.AuditLoggingServiceTest.setUp(AuditLoggingServiceTest.java:85)
  3. -> at com.Human.Ai.D.makit.AuditLoggingServiceTest.setUp(AuditLoggingServiceTest.java:86)
  4. -> at com.Human.Ai.D.makit.AuditLoggingServiceTest.setUp(AuditLoggingServiceTest.java:87)
Please remove unnecessary stubbings or use 'lenient' strictness. More info: javadoc for UnnecessaryStubbingException class.
	at org.mockito.junit.jupiter.MockitoExtension.afterEach(MockitoExtension.java:186)
	at java.base/java.util.ArrayList.forEach(ArrayList.java:1604)
	at java.base/java.util.ArrayList.forEach(ArrayList.java:1604)
]]></error>
  </testcase>
</testsuite>